-------------------------------------------------------------------------------
['/home/acll/miniconda3/envs/sumo-env/lib/python3.11/site-packages/sumo/bin/duarouter', '-c', '000/iteration_000_trips.duarcfg']
Error: No connection between edge 'B0B1' and edge 'A0A1' found.
Error: Mandatory edge 'A0A1' not reachable by vehicle '0'.
Error: The vehicle '0' has no valid route.
Error: No connection between edge 'A0B0' and edge 'B0A0' found.
Error: Mandatory edge 'B0A0' not reachable by vehicle '5'.
Error: The vehicle '5' has no valid route.
Error: No connection between edge 'A0A1' and edge 'A0B0' found.
Error: Mandatory edge 'A0B0' not reachable by vehicle '6'.
Error: The vehicle '6' has no valid route.
Error: No connection between edge 'B0B1' and edge 'B0A0' found.
Error: Mandatory edge 'B0A0' not reachable by vehicle '7'.
Error: The vehicle '7' has no valid route.
Error: No connection between edge 'A0B0' and edge 'B0A0' found.
Error: Mandatory edge 'B0A0' not reachable by vehicle '8'.
Error: The vehicle '8' has no valid route.
Error: No connection between edge 'B1A1' and edge 'A0A1' found.
Error: Mandatory edge 'A0A1' not reachable by vehicle '9'.
Error: The vehicle '9' has no valid route.
Error: No connection between edge 'B1B0' and edge 'A1A0' found.
Error: Mandatory edge 'A1A0' not reachable by vehicle '12'.
Error: The vehicle '12' has no valid route.
Error: No connection between edge 'B1A1' and edge 'B0A0' found.
Error: Mandatory edge 'B0A0' not reachable by vehicle '14'.
Error: The vehicle '14' has no valid route.
Error: No connection between edge 'B1A1' and edge 'B0A0' found.
Error: Mandatory edge 'B0A0' not reachable by vehicle '18'.
Error: The vehicle '18' has no valid route.
Error: No connection between edge 'B1A1' and edge 'B0A0' found.
Error: Mandatory edge 'B0A0' not reachable by vehicle '19'.
Error: The vehicle '19' has no valid route.
Error: No connection between edge 'B0B1' and edge 'A0A1' found.
Error: Mandatory edge 'A0A1' not reachable by vehicle '20'.
Error: The vehicle '20' has no valid route.
Error: No connection between edge 'A0A1' and edge 'A0B0' found.
Error: Mandatory edge 'A0B0' not reachable by vehicle '22'.
Error: The vehicle '22' has no valid route.
Error: No connection between edge 'A0A1' and edge 'A1A0' found.
Error: Mandatory edge 'A1A0' not reachable by vehicle '23'.
Error: The vehicle '23' has no valid route.
Error: No connection between edge 'A1A0' and edge 'B1B0' found.
Error: Mandatory edge 'B1B0' not reachable by vehicle '26'.
Error: The vehicle '26' has no valid route.
Error: No connection between edge 'B0B1' and edge 'B0A0' found.
Error: Mandatory edge 'B0A0' not reachable by vehicle '27'.
Error: The vehicle '27' has no valid route.
Error: No connection between edge 'A0B0' and edge 'A1B1' found.
Error: Mandatory edge 'A1B1' not reachable by vehicle '29'.
Error: The vehicle '29' has no valid route.
Error: No connection between edge 'B1B0' and edge 'B0B1' found.
Error: Mandatory edge 'B0B1' not reachable by vehicle '30'.
Error: The vehicle '30' has no valid route.
Error: No connection between edge 'B0A0' and edge 'B0B1' found.
Error: Mandatory edge 'B0B1' not reachable by vehicle '31'.
Error: The vehicle '31' has no valid route.
Error: No connection between edge 'A0B0' and edge 'A0A1' found.
Error: Mandatory edge 'A0A1' not reachable by vehicle '33'.
Error: The vehicle '33' has no valid route.
Error: No connection between edge 'A0B0' and edge 'B1B0' found.
Error: Mandatory edge 'B1B0' not reachable by vehicle '35'.
Error: The vehicle '35' has no valid route.
Error: No connection between edge 'B1B0' and edge 'A1A0' found.
Error: Mandatory edge 'A1A0' not reachable by vehicle '36'.
Error: The vehicle '36' has no valid route.
Error: No connection between edge 'B0B1' and edge 'A1B1' found.
Error: Mandatory edge 'A1B1' not reachable by vehicle '37'.
Error: The vehicle '37' has no valid route.
Error: No connection between edge 'B0A0' and edge 'A1A0' found.
Error: Mandatory edge 'A1A0' not reachable by vehicle '40'.
Error: The vehicle '40' has no valid route.
Error: No connection between edge 'A1B1' and edge 'A0B0' found.
Error: Mandatory edge 'A0B0' not reachable by vehicle '42'.
Error: The vehicle '42' has no valid route.
Error: No connection between edge 'A0A1' and edge 'B0B1' found.
Error: Mandatory edge 'B0B1' not reachable by vehicle '45'.
Error: The vehicle '45' has no valid route.
Error: No connection between edge 'B1A1' and edge 'A1B1' found.
Error: Mandatory edge 'A1B1' not reachable by vehicle '46'.
Error: The vehicle '46' has no valid route.
Error: No connection between edge 'B1B0' and edge 'B1A1' found.
Error: Mandatory edge 'B1A1' not reachable by vehicle '49'.
Error: The vehicle '49' has no valid route.
Error: No connection between edge 'A0A1' and edge 'B0B1' found.
Error: Mandatory edge 'B0B1' not reachable by vehicle '50'.
Error: The vehicle '50' has no valid route.
Error: No connection between edge 'B0B1' and edge 'B0A0' found.
Error: Mandatory edge 'B0A0' not reachable by vehicle '51'.
Error: The vehicle '51' has no valid route.
Error: No connection between edge 'B1B0' and edge 'A1A0' found.
Error: Mandatory edge 'A1A0' not reachable by vehicle '55'.
Error: The vehicle '55' has no valid route.
Error: No connection between edge 'B0A0' and edge 'A0B0' found.
Error: Mandatory edge 'A0B0' not reachable by vehicle '56'.
Error: The vehicle '56' has no valid route.
Error: No connection between edge 'B1B0' and edge 'B1A1' found.
Error: Mandatory edge 'B1A1' not reachable by vehicle '57'.
Error: The vehicle '57' has no valid route.
Error: No connection between edge 'B0A0' and edge 'A0B0' found.
Error: Mandatory edge 'A0B0' not reachable by vehicle '59'.
Error: The vehicle '59' has no valid route.
Error: No connection between edge 'B1A1' and edge 'B0A0' found.
Error: Mandatory edge 'B0A0' not reachable by vehicle '60'.
Error: The vehicle '60' has no valid route.
Error: No connection between edge 'B1A1' and edge 'B0A0' found.
Error: Mandatory edge 'B0A0' not reachable by vehicle '61'.
Error: The vehicle '61' has no valid route.
Error: No connection between edge 'A0A1' and edge 'A1A0' found.
Error: Mandatory edge 'A1A0' not reachable by vehicle '62'.
Error: The vehicle '62' has no valid route.
Error: No connection between edge 'B1B0' and edge 'B1A1' found.
Error: Mandatory edge 'B1A1' not reachable by vehicle '64'.
Error: The vehicle '64' has no valid route.
Error: No connection between edge 'A1A0' and edge 'A0A1' found.
Error: Mandatory edge 'A0A1' not reachable by vehicle '65'.
Error: The vehicle '65' has no valid route.
Error: No connection between edge 'A0A1' and edge 'B1A1' found.
Error: Mandatory edge 'B1A1' not reachable by vehicle '68'.
Error: The vehicle '68' has no valid route.
Error: No connection between edge 'A1B1' and edge 'A0B0' found.
Error: Mandatory edge 'A0B0' not reachable by vehicle '72'.
Error: The vehicle '72' has no valid route.
Error: No connection between edge 'B0A0' and edge 'B0B1' found.
Error: Mandatory edge 'B0B1' not reachable by vehicle '73'.
Error: The vehicle '73' has no valid route.
Error: No connection between edge 'B1B0' and edge 'B0B1' found.
Error: Mandatory edge 'B0B1' not reachable by vehicle '75'.
Error: The vehicle '75' has no valid route.
Error: No connection between edge 'A0A1' and edge 'A0B0' found.
Error: Mandatory edge 'A0B0' not reachable by vehicle '77'.
Error: The vehicle '77' has no valid route.
Error: No connection between edge 'A1A0' and edge 'B0A0' found.
Error: Mandatory edge 'B0A0' not reachable by vehicle '78'.
Error: The vehicle '78' has no valid route.
Error: No connection between edge 'A0A1' and edge 'B0B1' found.
Error: Mandatory edge 'B0B1' not reachable by vehicle '80'.
Error: The vehicle '80' has no valid route.
Error: No connection between edge 'A0B0' and edge 'B1B0' found.
Error: Mandatory edge 'B1B0' not reachable by vehicle '81'.
Error: The vehicle '81' has no valid route.
Error: No connection between edge 'B1A1' and edge 'A0A1' found.
Error: Mandatory edge 'A0A1' not reachable by vehicle '82'.
Error: The vehicle '82' has no valid route.
Error: No connection between edge 'A1B1' and edge 'B1A1' found.
Error: Mandatory edge 'B1A1' not reachable by vehicle '86'.
Error: The vehicle '86' has no valid route.
Error: No connection between edge 'A1B1' and edge 'A1A0' found.
Error: Mandatory edge 'A1A0' not reachable by vehicle '92'.
Error: The vehicle '92' has no valid route.
Error: No connection between edge 'A0B0' and edge 'A1B1' found.
Error: Mandatory edge 'A1B1' not reachable by vehicle '94'.
Error: The vehicle '94' has no valid route.
Error: No connection between edge 'A1B1' and edge 'A1A0' found.
Error: Mandatory edge 'A1A0' not reachable by vehicle '95'.
Error: The vehicle '95' has no valid route.
Error: No connection between edge 'A0B0' and edge 'B1B0' found.
Error: Mandatory edge 'B1B0' not reachable by vehicle '96'.
Error: The vehicle '96' has no valid route.
Error: No connection between edge 'A1B1' and edge 'B1A1' found.
Error: Mandatory edge 'B1A1' not reachable by vehicle '97'.
Error: The vehicle '97' has no valid route.
Error: No connection between edge 'B1B0' and edge 'B1A1' found.
Error: Mandatory edge 'B1A1' not reachable by vehicle '99'.
Error: The vehicle '99' has no valid route.
Error: No connection between edge 'A1B1' and edge 'A0B0' found.
Error: Mandatory edge 'A0B0' not reachable by vehicle '102'.
Error: The vehicle '102' has no valid route.
Error: No connection between edge 'B0A0' and edge 'B0B1' found.
Error: Mandatory edge 'B0B1' not reachable by vehicle '108'.
Error: The vehicle '108' has no valid route.
Error: No connection between edge 'B0A0' and edge 'B0B1' found.
Error: Mandatory edge 'B0B1' not reachable by vehicle '111'.
Error: The vehicle '111' has no valid route.
Error: No connection between edge 'B0A0' and edge 'B1A1' found.
Error: Mandatory edge 'B1A1' not reachable by vehicle '113'.
Error: The vehicle '113' has no valid route.
Error: No connection between edge 'A0B0' and edge 'B1B0' found.
Error: Mandatory edge 'B1B0' not reachable by vehicle '114'.
Error: The vehicle '114' has no valid route.
Error: No connection between edge 'A0A1' and edge 'A0B0' found.
Error: Mandatory edge 'A0B0' not reachable by vehicle '115'.
Error: The vehicle '115' has no valid route.
Error: No connection between edge 'B0A0' and edge 'B0B1' found.
Error: Mandatory edge 'B0B1' not reachable by vehicle '116'.
Error: The vehicle '116' has no valid route.
Error: No connection between edge 'A0B0' and edge 'A0A1' found.
Error: Mandatory edge 'A0A1' not reachable by vehicle '117'.
Error: The vehicle '117' has no valid route.
Error: No connection between edge 'B1B0' and edge 'A0B0' found.
Error: Mandatory edge 'A0B0' not reachable by vehicle '118'.
Error: The vehicle '118' has no valid route.
Error: No connection between edge 'A0B0' and edge 'A1B1' found.
Error: Mandatory edge 'A1B1' not reachable by vehicle '123'.
Error: The vehicle '123' has no valid route.
Error: No connection between edge 'A0A1' and edge 'A0B0' found.
Error: Mandatory edge 'A0B0' not reachable by vehicle '128'.
Error: The vehicle '128' has no valid route.
Error: No connection between edge 'A1A0' and edge 'B1B0' found.
Error: Mandatory edge 'B1B0' not reachable by vehicle '129'.
Error: The vehicle '129' has no valid route.
Error: No connection between edge 'B0B1' and edge 'A0A1' found.
Error: Mandatory edge 'A0A1' not reachable by vehicle '134'.
Error: The vehicle '134' has no valid route.
Error: No connection between edge 'B0B1' and edge 'B1B0' found.
Error: Mandatory edge 'B1B0' not reachable by vehicle '136'.
Error: The vehicle '136' has no valid route.
Error: No connection between edge 'A0B0' and edge 'A0A1' found.
Error: Mandatory edge 'A0A1' not reachable by vehicle '137'.
Error: The vehicle '137' has no valid route.
Error: No connection between edge 'A1A0' and edge 'B0A0' found.
Error: Mandatory edge 'B0A0' not reachable by vehicle '139'.
Error: The vehicle '139' has no valid route.
Error: No connection between edge 'B1A1' and edge 'A0A1' found.
Error: Mandatory edge 'A0A1' not reachable by vehicle '143'.
Error: The vehicle '143' has no valid route.
Error: No connection between edge 'A1B1' and edge 'A1A0' found.
Error: Mandatory edge 'A1A0' not reachable by vehicle '144'.
Error: The vehicle '144' has no valid route.
Error: No connection between edge 'A0A1' and edge 'B1A1' found.
Error: Mandatory edge 'B1A1' not reachable by vehicle '145'.
Error: The vehicle '145' has no valid route.
Error: No connection between edge 'B0B1' and edge 'B0A0' found.
Error: Mandatory edge 'B0A0' not reachable by vehicle '147'.
Error: The vehicle '147' has no valid route.
Error: No connection between edge 'B1A1' and edge 'B0A0' found.
Error: Mandatory edge 'B0A0' not reachable by vehicle '151'.
Error: The vehicle '151' has no valid route.
Error: No connection between edge 'A1A0' and edge 'B1B0' found.
Error: Mandatory edge 'B1B0' not reachable by vehicle '153'.
Error: The vehicle '153' has no valid route.
Error: No connection between edge 'B1B0' and edge 'A0B0' found.
Error: Mandatory edge 'A0B0' not reachable by vehicle '155'.
Error: The vehicle '155' has no valid route.
Error: No connection between edge 'A0B0' and edge 'A0A1' found.
Error: Mandatory edge 'A0A1' not reachable by vehicle '156'.
Error: The vehicle '156' has no valid route.
Error: No connection between edge 'B1A1' and edge 'B1B0' found.
Error: Mandatory edge 'B1B0' not reachable by vehicle '157'.
Error: The vehicle '157' has no valid route.
Error: No connection between edge 'A0B0' and edge 'B1B0' found.
Error: Mandatory edge 'B1B0' not reachable by vehicle '159'.
Error: The vehicle '159' has no valid route.
Error: No connection between edge 'B1A1' and edge 'B1B0' found.
Error: Mandatory edge 'B1B0' not reachable by vehicle '160'.
Error: The vehicle '160' has no valid route.
Error: No connection between edge 'B1A1' and edge 'B1B0' found.
Error: Mandatory edge 'B1B0' not reachable by vehicle '161'.
Error: The vehicle '161' has no valid route.
Error: No connection between edge 'A0A1' and edge 'B0B1' found.
Error: Mandatory edge 'B0B1' not reachable by vehicle '162'.
Error: The vehicle '162' has no valid route.
Error: No connection between edge 'A1A0' and edge 'B1B0' found.
Error: Mandatory edge 'B1B0' not reachable by vehicle '163'.
Error: The vehicle '163' has no valid route.
Error: No connection between edge 'B1A1' and edge 'A0A1' found.
Error: Mandatory edge 'A0A1' not reachable by vehicle '166'.
Error: The vehicle '166' has no valid route.
Error: No connection between edge 'A1B1' and edge 'A1A0' found.
Error: Mandatory edge 'A1A0' not reachable by vehicle '169'.
Error: The vehicle '169' has no valid route.
Error: No connection between edge 'A0A1' and edge 'A0B0' found.
Error: Mandatory edge 'A0B0' not reachable by vehicle '171'.
Error: The vehicle '171' has no valid route.
Error: No connection between edge 'B1B0' and edge 'A1A0' found.
Error: Mandatory edge 'A1A0' not reachable by vehicle '173'.
Error: The vehicle '173' has no valid route.
Error: No connection between edge 'B0B1' and edge 'A1B1' found.
Error: Mandatory edge 'A1B1' not reachable by vehicle '174'.
Error: The vehicle '174' has no valid route.
Error: No connection between edge 'B1B0' and edge 'A0B0' found.
Error: Mandatory edge 'A0B0' not reachable by vehicle '177'.
Error: The vehicle '177' has no valid route.
Error: No connection between edge 'B1B0' and edge 'A1A0' found.
Error: Mandatory edge 'A1A0' not reachable by vehicle '178'.
Error: The vehicle '178' has no valid route.
Error: No connection between edge 'B0A0' and edge 'B0B1' found.
Error: Mandatory edge 'B0B1' not reachable by vehicle '185'.
Error: The vehicle '185' has no valid route.
Error: No connection between edge 'A1A0' and edge 'A0A1' found.
Error: Mandatory edge 'A0A1' not reachable by vehicle '187'.
Error: The vehicle '187' has no valid route.
Error: No connection between edge 'A1A0' and edge 'A1B1' found.
Error: Mandatory edge 'A1B1' not reachable by vehicle '191'.
Error: The vehicle '191' has no valid route.
Error: No connection between edge 'A1B1' and edge 'A1A0' found.
Error: Mandatory edge 'A1A0' not reachable by vehicle '192'.
Error: The vehicle '192' has no valid route.
Error: No connection between edge 'A0B0' and edge 'A1B1' found.
Error: Mandatory edge 'A1B1' not reachable by vehicle '193'.
Error: The vehicle '193' has no valid route.
Error: No connection between edge 'B1B0' and edge 'B0B1' found.
Error: Mandatory edge 'B0B1' not reachable by vehicle '194'.
Error: The vehicle '194' has no valid route.
Error: No connection between edge 'A1A0' and edge 'B0A0' found.
Error: Mandatory edge 'B0A0' not reachable by vehicle '196'.
Error: The vehicle '196' has no valid route.
Error: No connection between edge 'A0A1' and edge 'A1A0' found.
Error: Mandatory edge 'A1A0' not reachable by vehicle '197'.
Error: The vehicle '197' has no valid route.
Error: No connection between edge 'B0B1' and edge 'A1B1' found.
Error: Mandatory edge 'A1B1' not reachable by vehicle '199'.
Error: The vehicle '199' has no valid route.
Quitting (on error).
